     1 00000000                                 ; xOS
     2 00000000                                 ; TAB=4
     3 00000000                                 
     4                                          		ORG		0x7c00			; 程序转载地址
     5 00007C00                                 
     6 00007C00                                 ; FAT12格式软盘
     7 00007C00                                 
     8 00007C00 EB 4E                           		JMP		entry
     9 00007C02 90                              		DB		0x90
    10 00007C03 48 45 4C 4C 4F 49 50 4C         		DB		"HELLOIPL"		; 盘符8字节
    11 00007C0B 0200                            		DW		512				; 扇区大小，512字节
    12 00007C0D 01                              		DB		1				; 簇大小，1个扇区
    13 00007C0E 0001                            		DW		1				; FAT起始位置（扇区）
    14 00007C10 02                              		DB		2				; FAT的个数
    15 00007C11 00E0                            		DW		224				; 根目录大小 一般224
    16 00007C13 0B40                            		DW		2880			; 磁盘大小 2880个扇区
    17 00007C15 F0                              		DB		0xf0			; 磁盘种类
    18 00007C16 0009                            		DW		9				; FAT长度 必须为9
    19 00007C18 0012                            		DW		18				; 1个磁道有多少个扇区（18）
    20 00007C1A 0002                            		DW		2				; 磁头数 2
    21 00007C1C 00000000                        		DD		0				; 不使用分区 0
    22 00007C20 00000B40                        		DD		2880			; 再写一遍磁盘大小
    23 00007C24 00 00 29                        		DB		0,0,0x29		; 意义不明，固定
    24 00007C27 FFFFFFFF                        		DD		0xffffffff		; 卷标号码
    25 00007C2B 78 4F 53 20 20 20 20 20 20 20   		DB		"xOS        "	; 磁盘名称（11）
       00007C35 20 
    26 00007C36 46 41 54 31 32 20 20 20         		DB		"FAT12   "		; 磁盘格式名称（8）
    27 00007C3E 00 00 00 00 00 00 00 00 00 00   		RESB	18				; 空出18个字节
       00007C48 00 00 00 00 00 00 00 00 
    28 00007C50                                 
    29 00007C50                                 ; 核心
    30 00007C50                                 
    31 00007C50                                 entry:
    32 00007C50 B8 0000                         		MOV		AX,0			; 初始化寄存器
    33 00007C53 8E D0                           		MOV		SS,AX
    34 00007C55 BC 7C00                         		MOV		SP,0x7c00
    35 00007C58 8E D8                           		MOV		DS,AX
    36 00007C5A                                 		; MOV		ES,AX
    37 00007C5A                                 
    38 00007C5A                                 
    39 00007C5A                                 
    40 00007C5A                                 ; 读盘
    41 00007C5A B8 0820                         		MOV 	AX,0x0820		; 0x8000 ~ 0x81FF是留给启动区的
    42 00007C5D 8E C0                           		MOV		ES,AX
    43 00007C5F B5 00                           		MOV		CH,0			; 柱面0
    44 00007C61 B1 02                           		MOV		CL,2			; 扇区2
    45 00007C63 B6 00                           		MOV		DH,0			; 磁头0
    46 00007C65                                 
    47 00007C65 BE 0000                         		MOV		SI,0			; 记录失败次数
    48 00007C68                                 retry:
    49 00007C68 B4 02                           		MOV		AH,0x02			; 读盘
    50 00007C6A B0 01                           		MOV		AL,1			; 1个扇区
    51 00007C6C BB 0000                         		MOV		BX,0			; 
    52 00007C6F B2 00                           		MOV		DL,0x00			; A驱动器
    53 00007C71 CD 13                           		INT		0x13			; 调用磁盘BIOS
    54 00007C73 73 0D                           		JNC		fin
    55 00007C75                                 		; 出错管理
    56 00007C75 83 FE 04                        		CMP		SI, 4			
    57 00007C78 73 0B                           		JAE		ERROR
    58 00007C7A                                 		; Reset
    59 00007C7A B4 00                           		MOV		AH,0x00			; Reset指令
    60 00007C7C B2 00                           		MOV		DL,0x00			; A驱动器
    61 00007C7E CD 13                           		INT		0x13			; 调用磁盘BIOS
    62 00007C80 EB E6                           		JMP		retry
    63 00007C82                                 
    64 00007C82                                 fin:
    65 00007C82 F4                              		HLT						; 让CPU停止；等待指令
    66 00007C83 EB FD                           		JMP		fin				; 无限循环
    67 00007C85                                 
    68 00007C85                                 ERROR:
    69 00007C85 BE 7C9D                         		MOV		SI,error_msg
    70 00007C88 B9 0010                         		MOV		CX,16
    71 00007C8B                                 
    72 00007C8B                                 putloop:
    73 00007C8B 8A 04                           		MOV		AL,[SI]
    74 00007C8D 83 C6 01                        		ADD		SI,1			; 给SI+1
    75 00007C90 3C 00                           		CMP		AL,0
    76 00007C92 74 EE                           		JE		fin
    77 00007C94 B4 0E                           		MOV		AH,0x0e			; 显示一个文字
    78 00007C96 89 CB                           		MOV		BX,CX			; 指定字符颜色
    79 00007C98 41                              		INC     CX
    80 00007C99 CD 10                           		INT		0x10			; 调用显卡BIOS
    81 00007C9B EB EE                           		JMP		putloop
    82 00007C9D                                 
    83 00007C9D                                 
    84 00007C9D                                 error_msg:
    85 00007C9D 0A 0A                           		DB		0x0a, 0x0a		; 换行两次
    86 00007C9F 78 4F 53 3A 20 72 65 61 64 20   		DB		"xOS: read failed."
       00007CA9 66 61 69 6C 65 64 2E 
    87 00007CB0 0A                              		DB		0x0a			; 换行
    88 00007CB1 00                              		DB		0
    89 00007CB2                                 
    90 00007CB2                                 welcome_msg:
    91 00007CB2 0A 0A                           		DB		0x0a, 0x0a		; 换行两次
    92 00007CB4 78 4F 53 3A 20 68 65 6C 6C 6F   		DB		"xOS: hello."
       00007CBE 2E 
    93 00007CBF 0A                              		DB		0x0a			; 换行
    94 00007CC0 00                              		DB		0
    95 00007CC1                                 
    96 00007CC1 00 00 00 00 00 00 00 00 00 00   		RESB	0x7dfe-$		; 重复0
       00007CCB 00 00 00 00 00 00 00 00 00 00 
       00007CD5 00 00 00 00 00 00 00 00 00 00 
       00007CDF 00 00 00 00 00 00 00 00 00 00 
       00007CE9 00 00 00 00 00 00 00 00 00 00 
       00007CF3 00 00 00 00 00 00 00 00 00 00 
       00007CFD 00 00 00 00 00 00 00 00 00 00 
       00007D07 00 00 00 00 00 00 00 00 00 00 
       00007D11 00 00 00 00 00 00 00 00 00 00 
       00007D1B 00 00 00 00 00 00 00 00 00 00 
       00007D25 00 00 00 00 00 00 00 00 00 00 
       00007D2F 00 00 00 00 00 00 00 00 00 00 
       00007D39 00 00 00 00 00 00 00 00 00 00 
       00007D43 00 00 00 00 00 00 00 00 00 00 
       00007D4D 00 00 00 00 00 00 00 00 00 00 
       00007D57 00 00 00 00 00 00 00 00 00 00 
       00007D61 00 00 00 00 00 00 00 00 00 00 
       00007D6B 00 00 00 00 00 00 00 00 00 00 
       00007D75 00 00 00 00 00 00 00 00 00 00 
       00007D7F 00 00 00 00 00 00 00 00 00 00 
       00007D89 00 00 00 00 00 00 00 00 00 00 
       00007D93 00 00 00 00 00 00 00 00 00 00 
       00007D9D 00 00 00 00 00 00 00 00 00 00 
       00007DA7 00 00 00 00 00 00 00 00 00 00 
       00007DB1 00 00 00 00 00 00 00 00 00 00 
       00007DBB 00 00 00 00 00 00 00 00 00 00 
       00007DC5 00 00 00 00 00 00 00 00 00 00 
       00007DCF 00 00 00 00 00 00 00 00 00 00 
       00007DD9 00 00 00 00 00 00 00 00 00 00 
       00007DE3 00 00 00 00 00 00 00 00 00 00 
       00007DED 00 00 00 00 00 00 00 00 00 00 
       00007DF7 00 00 00 00 00 00 00 
    97 00007DFE                                 
    98 00007DFE 55 AA                           		DB		0x55, 0xaa
